<?xml version="1.0" encoding="UTF-8"?>
<!-- Generated by org.testng.reporters.JUnitReportReporter -->
<testsuite skipped="0" hostname="ARUN" name="programs.Testng1" tests="2" failures="0" timestamp="09 Oct 2021 13:50:58 GMT" time="0.047" errors="0">
  <testcase name="a1" time="0.031" classname="programs.Testng1"/>
  <testcase name="a2" time="0.016" classname="programs.Testng1"/>
</testsuite> <!-- programs.Testng1 -->
